Config: 
checkpoint_dir: /gpfs/gibbs/pi/krishnaswamy_smita/cl2482/DiffusionSpectralEntropy/src/main_studies/initialization/checkpoints//cifar10-supervised-resnet-ConvInitStd-1e-2-seed1/
log_dir: /gpfs/gibbs/pi/krishnaswamy_smita/cl2482/DiffusionSpectralEntropy/src/main_studies/initialization/logs/
output_save_path: /gpfs/gibbs/pi/krishnaswamy_smita/cl2482/DiffusionSpectralEntropy/src/main_studies/initialization/results/
dataset_dir: /gpfs/gibbs/pi/krishnaswamy_smita/cl2482/DiffusionSpectralEntropy/data/cifar10/
max_epoch: 200
batch_size: 128
learning_rate: 1e-4
num_workers: 8
dataset: cifar10
method: supervised
random_seed: 1
config_file_name: ./config/cifar10_supervised_seed1.yaml
gpu_id: 0
model: resnet
block_by_block: False
conv_init_std: 1e-2
in_channels: 3
num_classes: 10

Training History:
Epoch: 0. train_loss: Not started. train_acc: Not started. val_loss: 2.302585. val_acc: 10.000. acc_diverg: Not started. 
Epoch: 1. train_loss: 1.973043. train_acc: 25.496. val_loss: 1.575880. val_acc: 40.780. acc_diverg: -15.284. 
Best model (so far) successfully saved.
Epoch: 2. train_loss: 1.604223. train_acc: 41.082. val_loss: 1.345548. val_acc: 50.760. acc_diverg: -9.678. 
Best model (so far) successfully saved.
Epoch: 3. train_loss: 1.263845. train_acc: 54.632. val_loss: 1.004634. val_acc: 63.590. acc_diverg: -8.958. 
Best model (so far) successfully saved.
Epoch: 4. train_loss: 1.024604. train_acc: 63.876. val_loss: 1.142718. val_acc: 61.260. acc_diverg: 2.616. 
Epoch: 5. train_loss: 0.849780. train_acc: 70.340. val_loss: 0.945994. val_acc: 67.480. acc_diverg: 2.860. 
Best model (so far) successfully saved.
Epoch: 6. train_loss: 0.760087. train_acc: 73.794. val_loss: 0.793239. val_acc: 73.580. acc_diverg: 0.214. 
Best model (so far) successfully saved.
Epoch: 7. train_loss: 0.695929. train_acc: 75.736. val_loss: 0.700335. val_acc: 76.360. acc_diverg: -0.624. 
Best model (so far) successfully saved.
Epoch: 8. train_loss: 0.646720. train_acc: 77.910. val_loss: 0.666536. val_acc: 77.350. acc_diverg: 0.560. 
Best model (so far) successfully saved.
Epoch: 9. train_loss: 0.618443. train_acc: 78.618. val_loss: 0.599520. val_acc: 80.240. acc_diverg: -1.622. 
Best model (so far) successfully saved.
Epoch: 10. train_loss: 0.571292. train_acc: 80.260. val_loss: 0.697601. val_acc: 77.360. acc_diverg: 2.900. 
Epoch: 11. train_loss: 0.532160. train_acc: 81.636. val_loss: 0.568747. val_acc: 80.760. acc_diverg: 0.876. 
Best model (so far) successfully saved.
Epoch: 12. train_loss: 0.502760. train_acc: 82.628. val_loss: 0.470992. val_acc: 83.670. acc_diverg: -1.042. 
Best model (so far) successfully saved.
Epoch: 13. train_loss: 0.471958. train_acc: 83.696. val_loss: 0.671814. val_acc: 78.180. acc_diverg: 5.516. 
Epoch: 14. train_loss: 0.450149. train_acc: 84.410. val_loss: 0.492824. val_acc: 83.640. acc_diverg: 0.770. 
Epoch: 15. train_loss: 0.431753. train_acc: 85.158. val_loss: 0.498869. val_acc: 83.140. acc_diverg: 2.018. 
Epoch: 16. train_loss: 0.411401. train_acc: 85.744. val_loss: 0.514599. val_acc: 83.810. acc_diverg: 1.934. 
Best model (so far) successfully saved.
Epoch: 17. train_loss: 0.395381. train_acc: 86.370. val_loss: 0.415998. val_acc: 85.940. acc_diverg: 0.430. 
Best model (so far) successfully saved.
Epoch: 18. train_loss: 0.377794. train_acc: 86.964. val_loss: 0.366821. val_acc: 87.380. acc_diverg: -0.416. 
Best model (so far) successfully saved.
Epoch: 19. train_loss: 0.364312. train_acc: 87.202. val_loss: 0.357401. val_acc: 87.800. acc_diverg: -0.598. 
Best model (so far) successfully saved.
Epoch: 20. train_loss: 0.347522. train_acc: 88.056. val_loss: 0.382409. val_acc: 87.390. acc_diverg: 0.666. 
Epoch: 21. train_loss: 0.339719. train_acc: 88.108. val_loss: 0.482107. val_acc: 84.120. acc_diverg: 3.988. 
Epoch: 22. train_loss: 0.325251. train_acc: 88.708. val_loss: 0.352565. val_acc: 87.940. acc_diverg: 0.768. 
Best model (so far) successfully saved.
Epoch: 23. train_loss: 0.311721. train_acc: 89.066. val_loss: 0.409433. val_acc: 86.570. acc_diverg: 2.496. 
Epoch: 24. train_loss: 0.302114. train_acc: 89.524. val_loss: 0.344186. val_acc: 88.500. acc_diverg: 1.024. 
Best model (so far) successfully saved.
Epoch: 25. train_loss: 0.292525. train_acc: 89.954. val_loss: 0.376490. val_acc: 87.620. acc_diverg: 2.334. 
Epoch: 26. train_loss: 0.278054. train_acc: 90.284. val_loss: 0.327830. val_acc: 89.150. acc_diverg: 1.134. 
Best model (so far) successfully saved.
Epoch: 27. train_loss: 0.274075. train_acc: 90.510. val_loss: 0.315524. val_acc: 89.610. acc_diverg: 0.900. 
Best model (so far) successfully saved.
Epoch: 28. train_loss: 0.264631. train_acc: 90.744. val_loss: 0.331489. val_acc: 89.130. acc_diverg: 1.614. 
Epoch: 29. train_loss: 0.252969. train_acc: 91.258. val_loss: 0.336018. val_acc: 88.770. acc_diverg: 2.488. 
Epoch: 30. train_loss: 0.239862. train_acc: 91.762. val_loss: 0.318846. val_acc: 89.650. acc_diverg: 2.112. 
Best model (so far) successfully saved.
Epoch: 31. train_loss: 0.236524. train_acc: 91.804. val_loss: 0.309625. val_acc: 89.750. acc_diverg: 2.054. 
Best model (so far) successfully saved.
Epoch: 32. train_loss: 0.229282. train_acc: 92.000. val_loss: 0.315428. val_acc: 89.500. acc_diverg: 2.500. 
Epoch: 33. train_loss: 0.224996. train_acc: 92.154. val_loss: 0.381412. val_acc: 88.020. acc_diverg: 4.134. 
Epoch: 34. train_loss: 0.217124. train_acc: 92.566. val_loss: 0.321617. val_acc: 89.460. acc_diverg: 3.106. 
Epoch: 35. train_loss: 0.209727. train_acc: 92.652. val_loss: 0.329019. val_acc: 89.680. acc_diverg: 2.972. 
Epoch: 36. train_loss: 0.200280. train_acc: 93.006. val_loss: 0.331075. val_acc: 89.670. acc_diverg: 3.336. 
Epoch: 37. train_loss: 0.198919. train_acc: 93.062. val_loss: 0.297639. val_acc: 90.450. acc_diverg: 2.612. 
Best model (so far) successfully saved.
Epoch: 38. train_loss: 0.189214. train_acc: 93.398. val_loss: 0.307282. val_acc: 90.660. acc_diverg: 2.738. 
Best model (so far) successfully saved.
Epoch: 39. train_loss: 0.184033. train_acc: 93.600. val_loss: 0.359761. val_acc: 88.900. acc_diverg: 4.700. 
Epoch: 40. train_loss: 0.183152. train_acc: 93.654. val_loss: 0.313367. val_acc: 90.430. acc_diverg: 3.224. 
Epoch: 41. train_loss: 0.172576. train_acc: 93.996. val_loss: 0.268670. val_acc: 91.310. acc_diverg: 2.686. 
Best model (so far) successfully saved.
Epoch: 42. train_loss: 0.170237. train_acc: 94.008. val_loss: 0.306734. val_acc: 90.720. acc_diverg: 3.288. 
Epoch: 43. train_loss: 0.164248. train_acc: 94.316. val_loss: 0.279196. val_acc: 91.430. acc_diverg: 2.886. 
Best model (so far) successfully saved.
Epoch: 44. train_loss: 0.163774. train_acc: 94.254. val_loss: 0.314114. val_acc: 90.110. acc_diverg: 4.144. 
Epoch: 45. train_loss: 0.155458. train_acc: 94.598. val_loss: 0.320885. val_acc: 90.730. acc_diverg: 3.868. 
Epoch: 46. train_loss: 0.152709. train_acc: 94.702. val_loss: 0.291411. val_acc: 90.940. acc_diverg: 3.762. 
Epoch: 47. train_loss: 0.147084. train_acc: 94.848. val_loss: 0.281974. val_acc: 91.180. acc_diverg: 3.668. 
Epoch: 48. train_loss: 0.146383. train_acc: 94.772. val_loss: 0.280477. val_acc: 91.410. acc_diverg: 3.362. 
Epoch: 49. train_loss: 0.137508. train_acc: 95.174. val_loss: 0.296052. val_acc: 91.130. acc_diverg: 4.044. 
Epoch: 50. train_loss: 0.135151. train_acc: 95.322. val_loss: 0.289233. val_acc: 91.290. acc_diverg: 4.032. 
