Config: 
checkpoint_dir: /gpfs/gibbs/pi/krishnaswamy_smita/cl2482/DiffusionSpectralEntropy/src/main_studies/initialization/checkpoints//cifar10-supervised-resnet-ConvInitStd-1e-3-seed1/
log_dir: /gpfs/gibbs/pi/krishnaswamy_smita/cl2482/DiffusionSpectralEntropy/src/main_studies/initialization/logs/
output_save_path: /gpfs/gibbs/pi/krishnaswamy_smita/cl2482/DiffusionSpectralEntropy/src/main_studies/initialization/results/
dataset_dir: /gpfs/gibbs/pi/krishnaswamy_smita/cl2482/DiffusionSpectralEntropy/data/cifar10/
max_epoch: 200
batch_size: 128
learning_rate: 1e-4
num_workers: 8
dataset: cifar10
method: supervised
random_seed: 1
config_file_name: ./config/cifar10_supervised_seed1.yaml
gpu_id: 0
model: resnet
block_by_block: False
conv_init_std: 1e-3
in_channels: 3
num_classes: 10

Training History:
Epoch: 0. train_loss: Not started. train_acc: Not started. val_loss: 2.302585. val_acc: 10.000. acc_diverg: Not started. 
Epoch: 1. train_loss: 1.750602. train_acc: 35.434. val_loss: 1.379799. val_acc: 49.560. acc_diverg: -14.126. 
Best model (so far) successfully saved.
Epoch: 2. train_loss: 1.284386. train_acc: 53.786. val_loss: 1.218572. val_acc: 56.700. acc_diverg: -2.914. 
Best model (so far) successfully saved.
Epoch: 3. train_loss: 1.072406. train_acc: 62.194. val_loss: 1.053867. val_acc: 63.010. acc_diverg: -0.816. 
Best model (so far) successfully saved.
Epoch: 4. train_loss: 0.931899. train_acc: 67.196. val_loss: 0.909607. val_acc: 68.410. acc_diverg: -1.214. 
Best model (so far) successfully saved.
Epoch: 5. train_loss: 0.841683. train_acc: 70.662. val_loss: 0.918292. val_acc: 68.280. acc_diverg: 2.382. 
Epoch: 6. train_loss: 0.785306. train_acc: 72.888. val_loss: 0.751583. val_acc: 74.340. acc_diverg: -1.452. 
Best model (so far) successfully saved.
Epoch: 7. train_loss: 0.736195. train_acc: 74.348. val_loss: 0.838355. val_acc: 72.710. acc_diverg: 1.638. 
Epoch: 8. train_loss: 0.699765. train_acc: 75.686. val_loss: 0.636610. val_acc: 78.460. acc_diverg: -2.774. 
Best model (so far) successfully saved.
Epoch: 9. train_loss: 0.666075. train_acc: 77.002. val_loss: 0.615603. val_acc: 79.120. acc_diverg: -2.118. 
Best model (so far) successfully saved.
Epoch: 10. train_loss: 0.625257. train_acc: 78.414. val_loss: 0.767257. val_acc: 74.830. acc_diverg: 3.584. 
Epoch: 11. train_loss: 0.582577. train_acc: 79.840. val_loss: 0.565792. val_acc: 80.560. acc_diverg: -0.720. 
Best model (so far) successfully saved.
Epoch: 12. train_loss: 0.558881. train_acc: 80.476. val_loss: 0.533720. val_acc: 81.430. acc_diverg: -0.954. 
Best model (so far) successfully saved.
Epoch: 13. train_loss: 0.528525. train_acc: 81.632. val_loss: 0.621917. val_acc: 79.490. acc_diverg: 2.142. 
Epoch: 14. train_loss: 0.506155. train_acc: 82.552. val_loss: 0.525014. val_acc: 81.670. acc_diverg: 0.882. 
Best model (so far) successfully saved.
Epoch: 15. train_loss: 0.484791. train_acc: 83.364. val_loss: 0.513084. val_acc: 82.950. acc_diverg: 0.414. 
Best model (so far) successfully saved.
Epoch: 16. train_loss: 0.466179. train_acc: 83.994. val_loss: 0.501008. val_acc: 83.150. acc_diverg: 0.844. 
Best model (so far) successfully saved.
Epoch: 17. train_loss: 0.448278. train_acc: 84.494. val_loss: 0.452502. val_acc: 84.890. acc_diverg: -0.396. 
Best model (so far) successfully saved.
Epoch: 18. train_loss: 0.433433. train_acc: 85.012. val_loss: 0.440914. val_acc: 85.400. acc_diverg: -0.388. 
Best model (so far) successfully saved.
Epoch: 19. train_loss: 0.419186. train_acc: 85.562. val_loss: 0.417554. val_acc: 85.920. acc_diverg: -0.358. 
Best model (so far) successfully saved.
Epoch: 20. train_loss: 0.401945. train_acc: 86.008. val_loss: 0.498823. val_acc: 83.370. acc_diverg: 2.638. 
Epoch: 21. train_loss: 0.390762. train_acc: 86.484. val_loss: 0.446797. val_acc: 84.910. acc_diverg: 1.574. 
Epoch: 22. train_loss: 0.375502. train_acc: 87.128. val_loss: 0.485033. val_acc: 84.500. acc_diverg: 2.628. 
Epoch: 23. train_loss: 0.365534. train_acc: 87.470. val_loss: 0.490291. val_acc: 83.780. acc_diverg: 3.690. 
Epoch: 24. train_loss: 0.355351. train_acc: 87.658. val_loss: 0.407145. val_acc: 86.550. acc_diverg: 1.108. 
Best model (so far) successfully saved.
Epoch: 25. train_loss: 0.344504. train_acc: 88.144. val_loss: 0.366055. val_acc: 87.680. acc_diverg: 0.464. 
Best model (so far) successfully saved.
Epoch: 26. train_loss: 0.330310. train_acc: 88.520. val_loss: 0.357708. val_acc: 87.580. acc_diverg: 0.940. 
Epoch: 27. train_loss: 0.325347. train_acc: 88.720. val_loss: 0.356968. val_acc: 88.120. acc_diverg: 0.600. 
Best model (so far) successfully saved.
Epoch: 28. train_loss: 0.312250. train_acc: 89.062. val_loss: 0.357359. val_acc: 88.310. acc_diverg: 0.752. 
Best model (so far) successfully saved.
Epoch: 29. train_loss: 0.295849. train_acc: 89.590. val_loss: 0.318844. val_acc: 89.170. acc_diverg: 0.420. 
Best model (so far) successfully saved.
Epoch: 30. train_loss: 0.284885. train_acc: 90.060. val_loss: 0.317714. val_acc: 89.120. acc_diverg: 0.940. 
Epoch: 31. train_loss: 0.284900. train_acc: 89.944. val_loss: 0.338414. val_acc: 88.560. acc_diverg: 1.384. 
Epoch: 32. train_loss: 0.275195. train_acc: 90.384. val_loss: 0.333269. val_acc: 88.780. acc_diverg: 1.604. 
Epoch: 33. train_loss: 0.262750. train_acc: 90.822. val_loss: 0.307930. val_acc: 89.690. acc_diverg: 1.132. 
Best model (so far) successfully saved.
Epoch: 34. train_loss: 0.257597. train_acc: 91.138. val_loss: 0.328815. val_acc: 88.930. acc_diverg: 2.208. 
Epoch: 35. train_loss: 0.250796. train_acc: 91.160. val_loss: 0.332345. val_acc: 89.050. acc_diverg: 2.110. 
Epoch: 36. train_loss: 0.244565. train_acc: 91.520. val_loss: 0.320828. val_acc: 89.480. acc_diverg: 2.040. 
Epoch: 37. train_loss: 0.236140. train_acc: 91.708. val_loss: 0.347352. val_acc: 88.970. acc_diverg: 2.738. 
Epoch: 38. train_loss: 0.227062. train_acc: 92.086. val_loss: 0.303902. val_acc: 90.370. acc_diverg: 1.716. 
Best model (so far) successfully saved.
Epoch: 39. train_loss: 0.223350. train_acc: 92.060. val_loss: 0.344633. val_acc: 89.020. acc_diverg: 3.040. 
Epoch: 40. train_loss: 0.217396. train_acc: 92.412. val_loss: 0.318950. val_acc: 89.560. acc_diverg: 2.852. 
Epoch: 41. train_loss: 0.214188. train_acc: 92.554. val_loss: 0.311425. val_acc: 90.090. acc_diverg: 2.464. 
Epoch: 42. train_loss: 0.199771. train_acc: 93.048. val_loss: 0.310109. val_acc: 90.310. acc_diverg: 2.738. 
Epoch: 43. train_loss: 0.198516. train_acc: 93.222. val_loss: 0.328661. val_acc: 89.930. acc_diverg: 3.292. 
Epoch: 44. train_loss: 0.194653. train_acc: 93.142. val_loss: 0.291278. val_acc: 90.850. acc_diverg: 2.292. 
Best model (so far) successfully saved.
Epoch: 45. train_loss: 0.186336. train_acc: 93.482. val_loss: 0.303825. val_acc: 90.280. acc_diverg: 3.202. 
Epoch: 46. train_loss: 0.185443. train_acc: 93.478. val_loss: 0.292683. val_acc: 90.940. acc_diverg: 2.538. 
Best model (so far) successfully saved.
Epoch: 47. train_loss: 0.175159. train_acc: 93.896. val_loss: 0.286852. val_acc: 90.780. acc_diverg: 3.116. 
Epoch: 48. train_loss: 0.177436. train_acc: 93.702. val_loss: 0.293508. val_acc: 90.350. acc_diverg: 3.352. 
Epoch: 49. train_loss: 0.169416. train_acc: 93.944. val_loss: 0.289829. val_acc: 90.970. acc_diverg: 2.974. 
Best model (so far) successfully saved.
Epoch: 50. train_loss: 0.160798. train_acc: 94.332. val_loss: 0.349325. val_acc: 89.570. acc_diverg: 4.762. 
